Arguments: 
  C:\Program Files\nodejs\node.exe C:\Users\daenu\AppData\Roaming\npm\node_modules\yarn\bin\yarn.js publish

PATH: 
  C:\Program Files\Docker\Docker\Resources\bin;C:\ProgramData\Oracle\Java\javapath;C:\Windows\system32;C:\Windows;C:\Windows\System32\Wbem;C:\Windows\System32\WindowsPowerShell\v1.0\;C:\Program Files (x86)\NVIDIA Corporation\PhysX\Common;C:\Program Files (x86)\GtkSharp\2.12\bin;C:\Program Files\Git\cmd;C:\Program Files\Blender Foundation\Blender;C:\Program Files\nodejs\;C:\WINDOWS\system32;C:\WINDOWS;C:\WINDOWS\System32\Wbem;C:\WINDOWS\System32\WindowsPowerShell\v1.0\;C:\Program Files (x86)\Graphviz2.38\bin;C:\Users\daenu\AppData\Local\Programs\Python\Python36-32\Scripts\;C:\Users\daenu\AppData\Local\Programs\Python\Python36-32\;C:\Users\daenu\AppData\Local\Programs\LLNL\VisIt 2.12.3;C:\Program Files\OpenBabel-2.4.1;C:\Users\daenu\AppData\Local\Microsoft\WindowsApps;C:\Program Files\Microsoft VS Code\bin;C:\Users\daenu\AppData\Roaming\npm;C:\Program Files (x86)\Graphviz2.38\bin;

Yarn version: 
  1.3.2

Node version: 
  6.11.2

Platform: 
  win32 x64

npm manifest: 
  {
    "name": "smiles-drawer",
    "version": "1.0.0",
    "description": "A SMILES drawer and parser. Generate molecular structure depictions in pure JavaScript.",
    "main": "./dist/smiles-drawer.js",
    "repository": "https://github.com/reymond-group/smilesDrawer.git",
    "author": "Daniel Probst, Reymond Group, University of Berne",
    "license": "MIT",
    "private": false
  }

yarn manifest: 
  No manifest

Lockfile: 
  No lockfile

Trace: 
  Error: https://registry.yarnpkg.com/smiles-drawer: You cannot publish over the previously published version 1.0.0.
      at Request.params.callback [as _callback] (C:\Users\daenu\AppData\Roaming\npm\node_modules\yarn\lib\cli.js:62098:18)
      at Request.self.callback (C:\Users\daenu\AppData\Roaming\npm\node_modules\yarn\lib\cli.js:123085:22)
      at emitTwo (events.js:106:13)
      at Request.emit (events.js:191:7)
      at Request.<anonymous> (C:\Users\daenu\AppData\Roaming\npm\node_modules\yarn\lib\cli.js:124068:10)
      at emitOne (events.js:96:13)
      at Request.emit (events.js:188:7)
      at Gunzip.<anonymous> (C:\Users\daenu\AppData\Roaming\npm\node_modules\yarn\lib\cli.js:123988:12)
      at Gunzip.g (events.js:292:16)
      at emitNone (events.js:91:20)
